I, [2016-06-13T23:40:44.071319 #16903]  INFO -- : unlinking existing socket=/tmp/unicorn.sock
I, [2016-06-13T23:40:44.071568 #16903]  INFO -- : listening on addr=/tmp/unicorn.sock fd=9
I, [2016-06-13T23:40:44.071662 #16903]  INFO -- : worker=0 spawning...
I, [2016-06-13T23:40:44.072375 #16903]  INFO -- : worker=1 spawning...
I, [2016-06-13T23:40:44.072851 #16903]  INFO -- : master process ready
I, [2016-06-13T23:40:44.072988 #16932]  INFO -- : worker=0 spawned pid=16932
I, [2016-06-13T23:40:44.073249 #16932]  INFO -- : Refreshing Gem list
I, [2016-06-13T23:40:44.073611 #16935]  INFO -- : worker=1 spawned pid=16935
I, [2016-06-13T23:40:44.073766 #16935]  INFO -- : Refreshing Gem list
I, [2016-06-13T23:40:44.556816 #16935]  INFO -- : worker=1 ready
I, [2016-06-13T23:40:44.579231 #16932]  INFO -- : worker=0 ready
I, [2016-06-13T23:40:48.594015 #16903]  INFO -- : reaped #<Process::Status: pid 16932 exit 0> worker=0
I, [2016-06-13T23:40:48.594149 #16903]  INFO -- : reaped #<Process::Status: pid 16935 exit 0> worker=1
I, [2016-06-13T23:40:48.594224 #16903]  INFO -- : master complete
I, [2016-06-13T23:47:26.916157 #17226]  INFO -- : listening on addr=/home/dos/prog/steam/tmp/unicorn.sock fd=9
I, [2016-06-13T23:47:26.916298 #17226]  INFO -- : worker=0 spawning...
I, [2016-06-13T23:47:26.917026 #17226]  INFO -- : worker=1 spawning...
I, [2016-06-13T23:47:26.917470 #17255]  INFO -- : worker=0 spawned pid=17255
I, [2016-06-13T23:47:26.917730 #17255]  INFO -- : Refreshing Gem list
I, [2016-06-13T23:47:26.917764 #17226]  INFO -- : master process ready
I, [2016-06-13T23:47:26.918733 #17258]  INFO -- : worker=1 spawned pid=17258
I, [2016-06-13T23:47:26.918981 #17258]  INFO -- : Refreshing Gem list
I, [2016-06-13T23:47:27.599363 #17255]  INFO -- : worker=0 ready
I, [2016-06-13T23:47:27.599775 #17258]  INFO -- : worker=1 ready
I, [2016-06-13T23:47:44.233277 #17226]  INFO -- : reaped #<Process::Status: pid 17255 exit 0> worker=0
I, [2016-06-13T23:47:44.233418 #17226]  INFO -- : reaped #<Process::Status: pid 17258 exit 0> worker=1
I, [2016-06-13T23:47:44.233619 #17226]  INFO -- : master complete
I, [2016-06-13T23:49:30.995592 #17361]  INFO -- : listening on addr=/home/dos/prog/steam/tmp/sockets/unicorn.sock fd=9
I, [2016-06-13T23:49:30.995736 #17361]  INFO -- : worker=0 spawning...
I, [2016-06-13T23:49:30.996447 #17361]  INFO -- : worker=1 spawning...
I, [2016-06-13T23:49:30.996847 #17390]  INFO -- : worker=0 spawned pid=17390
I, [2016-06-13T23:49:30.997030 #17390]  INFO -- : Refreshing Gem list
I, [2016-06-13T23:49:30.997006 #17361]  INFO -- : master process ready
I, [2016-06-13T23:49:30.997714 #17393]  INFO -- : worker=1 spawned pid=17393
I, [2016-06-13T23:49:30.997896 #17393]  INFO -- : Refreshing Gem list
I, [2016-06-13T23:49:31.485804 #17393]  INFO -- : worker=1 ready
I, [2016-06-13T23:49:31.490875 #17390]  INFO -- : worker=0 ready
I, [2016-06-13T23:49:37.033759 #17361]  INFO -- : reaped #<Process::Status: pid 17390 exit 0> worker=0
I, [2016-06-13T23:49:37.033927 #17361]  INFO -- : reaped #<Process::Status: pid 17393 exit 0> worker=1
I, [2016-06-13T23:49:37.034065 #17361]  INFO -- : master complete
I, [2016-06-13T23:52:54.143795 #17491]  INFO -- : unlinking existing socket=/home/dos/prog/steam/tmp/sockets/unicorn.sock
I, [2016-06-13T23:52:54.144048 #17491]  INFO -- : listening on addr=/home/dos/prog/steam/tmp/sockets/unicorn.sock fd=9
I, [2016-06-13T23:52:54.144194 #17491]  INFO -- : worker=0 spawning...
I, [2016-06-13T23:52:54.145080 #17491]  INFO -- : worker=1 spawning...
I, [2016-06-13T23:52:54.145461 #17520]  INFO -- : worker=0 spawned pid=17520
I, [2016-06-13T23:52:54.145647 #17520]  INFO -- : Refreshing Gem list
I, [2016-06-13T23:52:54.145675 #17491]  INFO -- : master process ready
I, [2016-06-13T23:52:54.146632 #17523]  INFO -- : worker=1 spawned pid=17523
I, [2016-06-13T23:52:54.146852 #17523]  INFO -- : Refreshing Gem list
I, [2016-06-13T23:52:54.632126 #17523]  INFO -- : worker=1 ready
I, [2016-06-13T23:52:54.648762 #17520]  INFO -- : worker=0 ready
I, [2016-06-13T23:53:00.435203 #17491]  INFO -- : reaped #<Process::Status: pid 17520 exit 0> worker=0
I, [2016-06-13T23:53:00.435392 #17491]  INFO -- : reaped #<Process::Status: pid 17523 exit 0> worker=1
I, [2016-06-13T23:53:00.435609 #17491]  INFO -- : master complete
I, [2016-06-13T23:59:54.551264 #17769]  INFO -- : unlinking existing socket=/home/dos/prog/steam/tmp/sockets/unicorn.sock
I, [2016-06-13T23:59:54.551444 #17769]  INFO -- : listening on addr=/home/dos/prog/steam/tmp/sockets/unicorn.sock fd=9
I, [2016-06-13T23:59:54.551562 #17769]  INFO -- : worker=0 spawning...
I, [2016-06-13T23:59:54.552376 #17769]  INFO -- : worker=1 spawning...
I, [2016-06-13T23:59:54.552740 #17798]  INFO -- : worker=0 spawned pid=17798
I, [2016-06-13T23:59:54.552851 #17769]  INFO -- : master process ready
I, [2016-06-13T23:59:54.552951 #17798]  INFO -- : Refreshing Gem list
I, [2016-06-13T23:59:54.553508 #17801]  INFO -- : worker=1 spawned pid=17801
I, [2016-06-13T23:59:54.553693 #17801]  INFO -- : Refreshing Gem list
I, [2016-06-13T23:59:55.059045 #17801]  INFO -- : worker=1 ready
I, [2016-06-13T23:59:55.065996 #17798]  INFO -- : worker=0 ready
I, [2016-06-14T00:00:00.554835 #17769]  INFO -- : reaped #<Process::Status: pid 17798 exit 0> worker=0
I, [2016-06-14T00:00:00.554942 #17769]  INFO -- : reaped #<Process::Status: pid 17801 exit 0> worker=1
I, [2016-06-14T00:00:00.555052 #17769]  INFO -- : master complete
I, [2016-06-14T00:00:10.141116 #17842]  INFO -- : unlinking existing socket=/home/dos/prog/steam/tmp/sockets/unicorn.sock
I, [2016-06-14T00:00:10.141424 #17842]  INFO -- : listening on addr=/home/dos/prog/steam/tmp/sockets/unicorn.sock fd=10
I, [2016-06-14T00:00:10.141565 #17842]  INFO -- : worker=0 spawning...
I, [2016-06-14T00:00:10.142096 #17842]  INFO -- : worker=1 spawning...
I, [2016-06-14T00:00:10.142651 #17845]  INFO -- : worker=0 spawned pid=17845
I, [2016-06-14T00:00:10.142812 #17845]  INFO -- : Refreshing Gem list
I, [2016-06-14T00:00:10.149342 #17842]  INFO -- : master process ready
I, [2016-06-14T00:00:10.150064 #17848]  INFO -- : worker=1 spawned pid=17848
I, [2016-06-14T00:00:10.150240 #17848]  INFO -- : Refreshing Gem list
I, [2016-06-14T00:00:10.612681 #17845]  INFO -- : worker=0 ready
I, [2016-06-14T00:00:10.615279 #17848]  INFO -- : worker=1 ready
/home/dos/.rbenv/versions/2.3.0/lib/ruby/gems/2.3.0/gems/unicorn-5.1.0/lib/unicorn/http_server.rb:195:in `pid=': Already running on PID:17842 (or pid=/home/dos/prog/steam/tmp/pids/unicorn.pid is stale) (ArgumentError)
	from /home/dos/.rbenv/versions/2.3.0/lib/ruby/gems/2.3.0/gems/unicorn-5.1.0/lib/unicorn/http_server.rb:127:in `start'
	from /home/dos/.rbenv/versions/2.3.0/lib/ruby/gems/2.3.0/gems/unicorn-5.1.0/bin/unicorn:126:in `<top (required)>'
	from /home/dos/.rbenv/versions/2.3.0/bin/unicorn:22:in `load'
	from /home/dos/.rbenv/versions/2.3.0/bin/unicorn:22:in `<main>'
I, [2016-06-14T00:13:17.527451 #17842]  INFO -- : reaped #<Process::Status: pid 17845 exit 0> worker=0
I, [2016-06-14T00:13:17.527780 #17842]  INFO -- : reaped #<Process::Status: pid 17848 exit 0> worker=1
I, [2016-06-14T00:13:17.527923 #17842]  INFO -- : master complete
F, [2016-06-14T00:13:20.850761 #18184] FATAL -- : error adding listener addr=/var/sockets/unicorn.sock
/home/dos/.rbenv/versions/2.3.0/lib/ruby/gems/2.3.0/gems/unicorn-5.1.0/lib/unicorn/socket_helper.rb:122:in `initialize': Permission denied - connect(2) for /var/sockets/unicorn.sock (Errno::EACCES)
	from /home/dos/.rbenv/versions/2.3.0/lib/ruby/gems/2.3.0/gems/unicorn-5.1.0/lib/unicorn/socket_helper.rb:122:in `new'
	from /home/dos/.rbenv/versions/2.3.0/lib/ruby/gems/2.3.0/gems/unicorn-5.1.0/lib/unicorn/socket_helper.rb:122:in `bind_listen'
	from /home/dos/.rbenv/versions/2.3.0/lib/ruby/gems/2.3.0/gems/unicorn-5.1.0/lib/unicorn/http_server.rb:231:in `listen'
	from /home/dos/.rbenv/versions/2.3.0/lib/ruby/gems/2.3.0/gems/unicorn-5.1.0/lib/unicorn/http_server.rb:808:in `block in bind_new_listeners!'
	from /home/dos/.rbenv/versions/2.3.0/lib/ruby/gems/2.3.0/gems/unicorn-5.1.0/lib/unicorn/http_server.rb:808:in `each'
	from /home/dos/.rbenv/versions/2.3.0/lib/ruby/gems/2.3.0/gems/unicorn-5.1.0/lib/unicorn/http_server.rb:808:in `bind_new_listeners!'
	from /home/dos/.rbenv/versions/2.3.0/lib/ruby/gems/2.3.0/gems/unicorn-5.1.0/lib/unicorn/http_server.rb:130:in `start'
	from /home/dos/.rbenv/versions/2.3.0/lib/ruby/gems/2.3.0/gems/unicorn-5.1.0/bin/unicorn:126:in `<top (required)>'
	from /home/dos/.rbenv/versions/2.3.0/bin/unicorn:22:in `load'
	from /home/dos/.rbenv/versions/2.3.0/bin/unicorn:22:in `<main>'
I, [2016-06-14T00:16:34.577305 #18314]  INFO -- : unlinking existing socket=/home/dos/prog/steam/tmp/sockets/unicorn.sock
I, [2016-06-14T00:16:34.577482 #18314]  INFO -- : listening on addr=/home/dos/prog/steam/tmp/sockets/unicorn.sock fd=9
I, [2016-06-14T00:16:34.577589 #18314]  INFO -- : worker=0 spawning...
I, [2016-06-14T00:16:34.578360 #18314]  INFO -- : worker=1 spawning...
I, [2016-06-14T00:16:34.578797 #18343]  INFO -- : worker=0 spawned pid=18343
I, [2016-06-14T00:16:34.578900 #18314]  INFO -- : master process ready
I, [2016-06-14T00:16:34.579009 #18343]  INFO -- : Refreshing Gem list
I, [2016-06-14T00:16:34.579679 #18346]  INFO -- : worker=1 spawned pid=18346
I, [2016-06-14T00:16:34.579852 #18346]  INFO -- : Refreshing Gem list
I, [2016-06-14T00:16:35.076986 #18343]  INFO -- : worker=0 ready
I, [2016-06-14T00:16:35.081207 #18346]  INFO -- : worker=1 ready
I, [2016-06-14T00:16:41.375016 #18314]  INFO -- : reaped #<Process::Status: pid 18343 exit 0> worker=0
I, [2016-06-14T00:16:41.375247 #18314]  INFO -- : reaped #<Process::Status: pid 18346 exit 0> worker=1
I, [2016-06-14T00:16:41.375358 #18314]  INFO -- : master complete
I, [2016-06-14T00:17:23.079650 #18406]  INFO -- : listening on addr=/home/dos/prog/steam/tmp/unicorn.sock fd=9
I, [2016-06-14T00:17:23.079807 #18406]  INFO -- : worker=0 spawning...
I, [2016-06-14T00:17:23.080437 #18406]  INFO -- : worker=1 spawning...
I, [2016-06-14T00:17:23.081003 #18406]  INFO -- : master process ready
I, [2016-06-14T00:17:23.081000 #18435]  INFO -- : worker=0 spawned pid=18435
I, [2016-06-14T00:17:23.081213 #18435]  INFO -- : Refreshing Gem list
I, [2016-06-14T00:17:23.081772 #18438]  INFO -- : worker=1 spawned pid=18438
I, [2016-06-14T00:17:23.081957 #18438]  INFO -- : Refreshing Gem list
I, [2016-06-14T00:17:23.569320 #18435]  INFO -- : worker=0 ready
I, [2016-06-14T00:17:23.569817 #18438]  INFO -- : worker=1 ready
I, [2016-06-14T00:17:26.309747 #18406]  INFO -- : reaped #<Process::Status: pid 18435 exit 0> worker=0
I, [2016-06-14T00:17:26.309876 #18406]  INFO -- : reaped #<Process::Status: pid 18438 exit 0> worker=1
I, [2016-06-14T00:17:26.309967 #18406]  INFO -- : master complete
I, [2016-06-14T00:23:43.299185 #18605]  INFO -- : unlinking existing socket=/home/dos/prog/steam/tmp/unicorn.sock
I, [2016-06-14T00:23:43.299423 #18605]  INFO -- : listening on addr=/home/dos/prog/steam/tmp/unicorn.sock fd=9
I, [2016-06-14T00:23:43.299522 #18605]  INFO -- : worker=0 spawning...
I, [2016-06-14T00:23:43.300195 #18605]  INFO -- : worker=1 spawning...
I, [2016-06-14T00:23:43.300591 #18634]  INFO -- : worker=0 spawned pid=18634
I, [2016-06-14T00:23:43.300712 #18605]  INFO -- : master process ready
I, [2016-06-14T00:23:43.300793 #18634]  INFO -- : Refreshing Gem list
I, [2016-06-14T00:23:43.301404 #18637]  INFO -- : worker=1 spawned pid=18637
I, [2016-06-14T00:23:43.301590 #18637]  INFO -- : Refreshing Gem list
I, [2016-06-14T00:23:43.800513 #18634]  INFO -- : worker=0 ready
I, [2016-06-14T00:23:43.805497 #18637]  INFO -- : worker=1 ready
I, [2016-06-14T00:23:48.334919 #18605]  INFO -- : reaped #<Process::Status: pid 18634 exit 0> worker=0
I, [2016-06-14T00:23:48.335041 #18605]  INFO -- : reaped #<Process::Status: pid 18637 exit 0> worker=1
I, [2016-06-14T00:23:48.335107 #18605]  INFO -- : master complete
I, [2016-06-14T00:23:52.317024 #18640]  INFO -- : unlinking existing socket=/home/dos/prog/steam/tmp/unicorn.sock
I, [2016-06-14T00:23:52.317172 #18640]  INFO -- : listening on addr=/home/dos/prog/steam/tmp/unicorn.sock fd=9
I, [2016-06-14T00:23:52.317433 #18640]  INFO -- : listening on addr=0.0.0.0:4567 fd=10
I, [2016-06-14T00:23:52.317536 #18640]  INFO -- : worker=0 spawning...
I, [2016-06-14T00:23:52.318300 #18640]  INFO -- : worker=1 spawning...
I, [2016-06-14T00:23:52.318726 #18669]  INFO -- : worker=0 spawned pid=18669
I, [2016-06-14T00:23:52.318900 #18640]  INFO -- : master process ready
I, [2016-06-14T00:23:52.318956 #18669]  INFO -- : Refreshing Gem list
I, [2016-06-14T00:23:52.319730 #18672]  INFO -- : worker=1 spawned pid=18672
I, [2016-06-14T00:23:52.319930 #18672]  INFO -- : Refreshing Gem list
I, [2016-06-14T00:23:52.885990 #18669]  INFO -- : worker=0 ready
I, [2016-06-14T00:23:52.894657 #18672]  INFO -- : worker=1 ready
I, [2016-06-14T00:23:55.102653 #18640]  INFO -- : reaped #<Process::Status: pid 18669 exit 0> worker=0
I, [2016-06-14T00:23:55.102750 #18640]  INFO -- : reaped #<Process::Status: pid 18672 exit 0> worker=1
I, [2016-06-14T00:23:55.102812 #18640]  INFO -- : master complete
I, [2016-06-14T00:23:57.043877 #18675]  INFO -- : unlinking existing socket=/home/dos/prog/steam/tmp/unicorn.sock
I, [2016-06-14T00:23:57.044074 #18675]  INFO -- : listening on addr=/home/dos/prog/steam/tmp/unicorn.sock fd=9
F, [2016-06-14T00:23:57.044289 #18675] FATAL -- : error adding listener addr=0.0.0.0:80
/home/dos/.rbenv/versions/2.3.0/lib/ruby/gems/2.3.0/gems/unicorn-5.1.0/lib/unicorn/socket_helper.rb:149:in `bind': Permission denied - bind(2) for 0.0.0.0:80 (Errno::EACCES)
	from /home/dos/.rbenv/versions/2.3.0/lib/ruby/gems/2.3.0/gems/unicorn-5.1.0/lib/unicorn/socket_helper.rb:149:in `new_tcp_server'
	from /home/dos/.rbenv/versions/2.3.0/lib/ruby/gems/2.3.0/gems/unicorn-5.1.0/lib/unicorn/socket_helper.rb:129:in `bind_listen'
	from /home/dos/.rbenv/versions/2.3.0/lib/ruby/gems/2.3.0/gems/unicorn-5.1.0/lib/unicorn/http_server.rb:231:in `listen'
	from /home/dos/.rbenv/versions/2.3.0/lib/ruby/gems/2.3.0/gems/unicorn-5.1.0/lib/unicorn/http_server.rb:808:in `block in bind_new_listeners!'
	from /home/dos/.rbenv/versions/2.3.0/lib/ruby/gems/2.3.0/gems/unicorn-5.1.0/lib/unicorn/http_server.rb:808:in `each'
	from /home/dos/.rbenv/versions/2.3.0/lib/ruby/gems/2.3.0/gems/unicorn-5.1.0/lib/unicorn/http_server.rb:808:in `bind_new_listeners!'
	from /home/dos/.rbenv/versions/2.3.0/lib/ruby/gems/2.3.0/gems/unicorn-5.1.0/lib/unicorn/http_server.rb:130:in `start'
	from /home/dos/.rbenv/versions/2.3.0/lib/ruby/gems/2.3.0/gems/unicorn-5.1.0/bin/unicorn:126:in `<top (required)>'
	from /home/dos/.rbenv/versions/2.3.0/bin/unicorn:22:in `load'
	from /home/dos/.rbenv/versions/2.3.0/bin/unicorn:22:in `<main>'
I, [2016-06-14T07:43:02.364843 #19973]  INFO -- : unlinking existing socket=/home/dos/prog/steam/tmp/unicorn.sock
I, [2016-06-14T07:43:02.365061 #19973]  INFO -- : listening on addr=/home/dos/prog/steam/tmp/unicorn.sock fd=9
I, [2016-06-14T07:43:02.365159 #19973]  INFO -- : worker=0 spawning...
I, [2016-06-14T07:43:02.365928 #19973]  INFO -- : worker=1 spawning...
I, [2016-06-14T07:43:02.366429 #20002]  INFO -- : worker=0 spawned pid=20002
I, [2016-06-14T07:43:02.366505 #19973]  INFO -- : master process ready
I, [2016-06-14T07:43:02.366664 #20002]  INFO -- : Refreshing Gem list
I, [2016-06-14T07:43:02.367327 #20005]  INFO -- : worker=1 spawned pid=20005
I, [2016-06-14T07:43:02.367552 #20005]  INFO -- : Refreshing Gem list
I, [2016-06-14T07:43:02.935774 #20005]  INFO -- : worker=1 ready
I, [2016-06-14T07:43:02.935772 #20002]  INFO -- : worker=0 ready
I, [2016-06-14T07:43:14.709106 #19973]  INFO -- : SIGWINCH ignored because we're not daemonized
I, [2016-06-14T07:43:14.769017 #19973]  INFO -- : SIGWINCH ignored because we're not daemonized
I, [2016-06-14T07:43:30.921429 #19973]  INFO -- : reaped #<Process::Status: pid 20002 exit 0> worker=0
I, [2016-06-14T07:43:30.921813 #19973]  INFO -- : reaped #<Process::Status: pid 20005 exit 0> worker=1
I, [2016-06-14T07:43:30.922047 #19973]  INFO -- : master complete
I, [2016-06-14T13:13:09.038088 #21446]  INFO -- : unlinking existing socket=/home/dos/prog/steam/tmp/sockets/unicorn.sock
I, [2016-06-14T13:13:09.038453 #21446]  INFO -- : listening on addr=/home/dos/prog/steam/tmp/sockets/unicorn.sock fd=10
I, [2016-06-14T13:13:09.038637 #21446]  INFO -- : worker=0 spawning...
I, [2016-06-14T13:13:09.039254 #21446]  INFO -- : worker=1 spawning...
I, [2016-06-14T13:13:09.039902 #21449]  INFO -- : worker=0 spawned pid=21449
I, [2016-06-14T13:13:09.040102 #21449]  INFO -- : Refreshing Gem list
I, [2016-06-14T13:13:09.046653 #21446]  INFO -- : master process ready
I, [2016-06-14T13:13:09.052194 #21452]  INFO -- : worker=1 spawned pid=21452
I, [2016-06-14T13:13:09.052433 #21452]  INFO -- : Refreshing Gem list
I, [2016-06-14T13:13:09.537741 #21449]  INFO -- : worker=0 ready
I, [2016-06-14T13:13:09.640756 #21452]  INFO -- : worker=1 ready
I, [2016-06-14T18:40:25.816963 #21446]  INFO -- : reaped #<Process::Status: pid 21449 exit 0> worker=0
I, [2016-06-14T18:40:25.817489 #21446]  INFO -- : reaped #<Process::Status: pid 21452 exit 0> worker=1
I, [2016-06-14T18:40:25.817655 #21446]  INFO -- : master complete
I, [2016-06-14T18:42:26.801640 #22525]  INFO -- : unlinking existing socket=/home/dos/prog/steam/tmp/sockets/unicorn.sock
I, [2016-06-14T18:42:26.801878 #22525]  INFO -- : listening on addr=/home/dos/prog/steam/tmp/sockets/unicorn.sock fd=9
I, [2016-06-14T18:42:26.802024 #22525]  INFO -- : worker=0 spawning...
I, [2016-06-14T18:42:26.803050 #22525]  INFO -- : worker=1 spawning...
I, [2016-06-14T18:42:26.803420 #22554]  INFO -- : worker=0 spawned pid=22554
I, [2016-06-14T18:42:26.803594 #22554]  INFO -- : Refreshing Gem list
I, [2016-06-14T18:42:26.803746 #22525]  INFO -- : master process ready
I, [2016-06-14T18:42:26.804708 #22557]  INFO -- : worker=1 spawned pid=22557
I, [2016-06-14T18:42:26.804924 #22557]  INFO -- : Refreshing Gem list
I, [2016-06-14T18:42:27.309902 #22554]  INFO -- : worker=0 ready
I, [2016-06-14T18:42:27.523299 #22557]  INFO -- : worker=1 ready
I, [2016-06-14T18:42:35.840514 #22525]  INFO -- : reaped #<Process::Status: pid 22554 exit 0> worker=0
I, [2016-06-14T18:42:35.840622 #22525]  INFO -- : reaped #<Process::Status: pid 22557 exit 0> worker=1
I, [2016-06-14T18:42:35.840697 #22525]  INFO -- : master complete
